# JRE version: Java(TM) SE Runtime Environment (8.0_121-b13) (build 1.8.0_121-b13)
# Java VM: Java HotSpot(TM) 64-Bit Server VM (25.121-b13 mixed mode windows-amd64 compressed oops)
Heap:
 PSYoungGen      total 26624K, used 25263K [0x00000000d5f80000, 0x00000000d8380000, 0x0000000100000000)
  eden space 22528K, 94% used [0x00000000d5f80000,0x00000000d7432088,0x00000000d7580000)
  from space 4096K, 99% used [0x00000000d7580000,0x00000000d7979e10,0x00000000d7980000)
  to   space 7168K, 0% used [0x00000000d7c80000,0x00000000d7c80000,0x00000000d8380000)
 ParOldGen       total 87552K, used 17042K [0x0000000081e00000, 0x0000000087380000, 0x00000000d5f80000)
  object space 87552K, 19% used [0x0000000081e00000,0x0000000082ea4a68,0x0000000087380000)
 Metaspace       used 27983K, capacity 29618K, committed 29952K, reserved 1075200K
  class space    used 3684K, capacity 3973K, committed 4096K, reserved 1048576K
GC Heap History (10 events):
Event: 29.387 GC heap before
{Heap before GC invocations=32 (full 1):
 PSYoungGen      total 27136K, used 24608K [0x00000000d5f80000, 0x00000000d7d00000, 0x0000000100000000)
  eden space 24064K, 100% used [0x00000000d5f80000,0x00000000d7700000,0x00000000d7700000)
  from space 3072K, 17% used [0x00000000d7a00000,0x00000000d7a88000,0x00000000d7d00000)
  to   space 3072K, 0% used [0x00000000d7700000,0x00000000d7700000,0x00000000d7a00000)
 ParOldGen       total 87552K, used 8505K [0x0000000081e00000, 0x0000000087380000, 0x00000000d5f80000)
  object space 87552K, 9% used [0x0000000081e00000,0x000000008264e660,0x0000000087380000)
 Metaspace       used 22492K, capacity 23326K, committed 23552K, reserved 1069056K
  class space    used 3053K, capacity 3298K, committed 3328K, reserved 1048576K
Event: 29.391 GC heap after
Heap after GC invocations=32 (full 1):
 PSYoungGen      total 27136K, used 576K [0x00000000d5f80000, 0x00000000d7d00000, 0x0000000100000000)
  eden space 24064K, 0% used [0x00000000d5f80000,0x00000000d5f80000,0x00000000d7700000)
  from space 3072K, 18% used [0x00000000d7700000,0x00000000d7790000,0x00000000d7a00000)
  to   space 3072K, 0% used [0x00000000d7a00000,0x00000000d7a00000,0x00000000d7d00000)
 ParOldGen       total 87552K, used 8505K [0x0000000081e00000, 0x0000000087380000, 0x00000000d5f80000)
  object space 87552K, 9% used [0x0000000081e00000,0x000000008264e660,0x0000000087380000)
 Metaspace       used 22492K, capacity 23326K, committed 23552K, reserved 1069056K
  class space    used 3053K, capacity 3298K, committed 3328K, reserved 1048576K
}
Event: 30.397 GC heap before
{Heap before GC invocations=33 (full 1):
 PSYoungGen      total 27136K, used 24640K [0x00000000d5f80000, 0x00000000d7d00000, 0x0000000100000000)
  eden space 24064K, 100% used [0x00000000d5f80000,0x00000000d7700000,0x00000000d7700000)
  from space 3072K, 18% used [0x00000000d7700000,0x00000000d7790000,0x00000000d7a00000)
  to   space 3072K, 0% used [0x00000000d7a00000,0x00000000d7a00000,0x00000000d7d00000)
 ParOldGen       total 87552K, used 8505K [0x0000000081e00000, 0x0000000087380000, 0x00000000d5f80000)
  object space 87552K, 9% used [0x0000000081e00000,0x000000008264e660,0x0000000087380000)
 Metaspace       used 22492K, capacity 23326K, committed 23552K, reserved 1069056K
  class space    used 3053K, capacity 3298K, committed 3328K, reserved 1048576K
Event: 30.399 GC heap after
Heap after GC invocations=33 (full 1):
 PSYoungGen      total 26112K, used 608K [0x00000000d5f80000, 0x00000000d7c00000, 0x0000000100000000)
  eden space 24064K, 0% used [0x00000000d5f80000,0x00000000d5f80000,0x00000000d7700000)
  from space 2048K, 29% used [0x00000000d7a00000,0x00000000d7a98000,0x00000000d7c00000)
  to   space 2560K, 0% used [0x00000000d7700000,0x00000000d7700000,0x00000000d7980000)
 ParOldGen       total 87552K, used 8505K [0x0000000081e00000, 0x0000000087380000, 0x00000000d5f80000)
  object space 87552K, 9% used [0x0000000081e00000,0x000000008264e660,0x0000000087380000)
 Metaspace       used 22492K, capacity 23326K, committed 23552K, reserved 1069056K
  class space    used 3053K, capacity 3298K, committed 3328K, reserved 1048576K
}
Event: 31.160 GC heap before
{Heap before GC invocations=34 (full 1):
 PSYoungGen      total 26112K, used 24672K [0x00000000d5f80000, 0x00000000d7c00000, 0x0000000100000000)
  eden space 24064K, 100% used [0x00000000d5f80000,0x00000000d7700000,0x00000000d7700000)
  from space 2048K, 29% used [0x00000000d7a00000,0x00000000d7a98000,0x00000000d7c00000)
  to   space 2560K, 0% used [0x00000000d7700000,0x00000000d7700000,0x00000000d7980000)
 ParOldGen       total 87552K, used 8505K [0x0000000081e00000, 0x0000000087380000, 0x00000000d5f80000)
  object space 87552K, 9% used [0x0000000081e00000,0x000000008264e660,0x0000000087380000)
 Metaspace       used 23749K, capacity 24696K, committed 24960K, reserved 1071104K
  class space    used 3160K, capacity 3389K, committed 3456K, reserved 1048576K
Event: 31.162 GC heap after
Heap after GC invocations=34 (full 1):
 PSYoungGen      total 26624K, used 1280K [0x00000000d5f80000, 0x00000000d7c00000, 0x0000000100000000)
  eden space 24064K, 0% used [0x00000000d5f80000,0x00000000d5f80000,0x00000000d7700000)
  from space 2560K, 50% used [0x00000000d7700000,0x00000000d78402f0,0x00000000d7980000)
  to   space 2560K, 0% used [0x00000000d7980000,0x00000000d7980000,0x00000000d7c00000)
 ParOldGen       total 87552K, used 8505K [0x0000000081e00000, 0x0000000087380000, 0x00000000d5f80000)
  object space 87552K, 9% used [0x0000000081e00000,0x000000008264e660,0x0000000087380000)
 Metaspace       used 23749K, capacity 24696K, committed 24960K, reserved 1071104K
  class space    used 3160K, capacity 3389K, committed 3456K, reserved 1048576K
}
Event: 32.084 GC heap before
{Heap before GC invocations=35 (full 1):
 PSYoungGen      total 26624K, used 25344K [0x00000000d5f80000, 0x00000000d7c00000, 0x0000000100000000)
  eden space 24064K, 100% used [0x00000000d5f80000,0x00000000d7700000,0x00000000d7700000)
  from space 2560K, 50% used [0x00000000d7700000,0x00000000d78402f0,0x00000000d7980000)
  to   space 2560K, 0% used [0x00000000d7980000,0x00000000d7980000,0x00000000d7c00000)
 ParOldGen       total 87552K, used 8505K [0x0000000081e00000, 0x0000000087380000, 0x00000000d5f80000)
  object space 87552K, 9% used [0x0000000081e00000,0x000000008264e660,0x0000000087380000)
 Metaspace       used 26575K, capacity 28104K, committed 28288K, reserved 1073152K
  class space    used 3615K, capacity 3899K, committed 3968K, reserved 1048576K
Event: 32.093 GC heap after
Heap after GC invocations=35 (full 1):
 PSYoungGen      total 25088K, used 2535K [0x00000000d5f80000, 0x00000000d7f00000, 0x0000000100000000)
  eden space 22528K, 0% used [0x00000000d5f80000,0x00000000d5f80000,0x00000000d7580000)
  from space 2560K, 99% used [0x00000000d7980000,0x00000000d7bf9f80,0x00000000d7c00000)
  to   space 4096K, 0% used [0x00000000d7580000,0x00000000d7580000,0x00000000d7980000)
 ParOldGen       total 87552K, used 10483K [0x0000000081e00000, 0x0000000087380000, 0x00000000d5f80000)
  object space 87552K, 11% used [0x0000000081e00000,0x000000008283ccf8,0x0000000087380000)
 Metaspace       used 26575K, capacity 28104K, committed 28288K, reserved 1073152K
  class space    used 3615K, capacity 3899K, committed 3968K, reserved 1048576K
}
Event: 38.090 GC heap before
{Heap before GC invocations=36 (full 1):
 PSYoungGen      total 25088K, used 25063K [0x00000000d5f80000, 0x00000000d7f00000, 0x0000000100000000)
  eden space 22528K, 100% used [0x00000000d5f80000,0x00000000d7580000,0x00000000d7580000)
  from space 2560K, 99% used [0x00000000d7980000,0x00000000d7bf9f80,0x00000000d7c00000)
  to   space 4096K, 0% used [0x00000000d7580000,0x00000000d7580000,0x00000000d7980000)
 ParOldGen       total 87552K, used 10483K [0x0000000081e00000, 0x0000000087380000, 0x00000000d5f80000)
  object space 87552K, 11% used [0x0000000081e00000,0x000000008283ccf8,0x0000000087380000)
 Metaspace       used 27485K, capacity 28996K, committed 29056K, reserved 1075200K
  class space    used 3670K, capacity 3952K, committed 3968K, reserved 1048576K
Event: 38.101 GC heap after
Heap after GC invocations=36 (full 1):
 PSYoungGen      total 26624K, used 4071K [0x00000000d5f80000, 0x00000000d8380000, 0x0000000100000000)
  eden space 22528K, 0% used [0x00000000d5f80000,0x00000000d5f80000,0x00000000d7580000)
  from space 4096K, 99% used [0x00000000d7580000,0x00000000d7979e10,0x00000000d7980000)
  to   space 7168K, 0% used [0x00000000d7c80000,0x00000000d7c80000,0x00000000d8380000)
 ParOldGen       total 87552K, used 17042K [0x0000000081e00000, 0x0000000087380000, 0x00000000d5f80000)
  object space 87552K, 19% used [0x0000000081e00000,0x0000000082ea4a68,0x0000000087380000)
 Metaspace       used 27485K, capacity 28996K, committed 29056K, reserved 1075200K
  class space    used 3670K, capacity 3952K, committed 3968K, reserved 1048576K
}

