# JRE version: Java(TM) SE Runtime Environment (8.0_121-b13) (build 1.8.0_121-b13)
# Java VM: Java HotSpot(TM) 64-Bit Server VM (25.121-b13 mixed mode windows-amd64 compressed oops)
Heap:
 PSYoungGen      total 37376K, used 8074K [0x00000000d5f80000, 0x00000000d8b80000, 0x0000000100000000)
  eden space 32256K, 16% used [0x00000000d5f80000,0x00000000d648bb00,0x00000000d7f00000)
  from space 5120K, 56% used [0x00000000d8500000,0x00000000d87d7030,0x00000000d8a00000)
  to   space 6144K, 0% used [0x00000000d7f00000,0x00000000d7f00000,0x00000000d8500000)
 ParOldGen       total 87552K, used 5311K [0x0000000081e00000, 0x0000000087380000, 0x00000000d5f80000)
  object space 87552K, 6% used [0x0000000081e00000,0x000000008232ff58,0x0000000087380000)
 Metaspace       used 19303K, capacity 20090K, committed 20224K, reserved 1067008K
  class space    used 2766K, capacity 2970K, committed 3072K, reserved 1048576K
GC Heap History (10 events):
Event: 1.444 GC heap before
{Heap before GC invocations=3 (full 1):
 PSYoungGen      total 38400K, used 5104K [0x00000000d5f80000, 0x00000000d8a00000, 0x0000000100000000)
  eden space 33280K, 0% used [0x00000000d5f80000,0x00000000d5f80000,0x00000000d8000000)
  from space 5120K, 99% used [0x00000000d8500000,0x00000000d89fc108,0x00000000d8a00000)
  to   space 5120K, 0% used [0x00000000d8000000,0x00000000d8000000,0x00000000d8500000)
 ParOldGen       total 87552K, used 426K [0x0000000081e00000, 0x0000000087380000, 0x00000000d5f80000)
  object space 87552K, 0% used [0x0000000081e00000,0x0000000081e6a878,0x0000000087380000)
 Metaspace       used 15999K, capacity 16584K, committed 16768K, reserved 1062912K
  class space    used 2216K, capacity 2387K, committed 2432K, reserved 1048576K
Event: 1.482 GC heap after
Heap after GC invocations=3 (full 1):
 PSYoungGen      total 38400K, used 0K [0x00000000d5f80000, 0x00000000d8a00000, 0x0000000100000000)
  eden space 33280K, 0% used [0x00000000d5f80000,0x00000000d5f80000,0x00000000d8000000)
  from space 5120K, 0% used [0x00000000d8500000,0x00000000d8500000,0x00000000d8a00000)
  to   space 5120K, 0% used [0x00000000d8000000,0x00000000d8000000,0x00000000d8500000)
 ParOldGen       total 87552K, used 5295K [0x0000000081e00000, 0x0000000087380000, 0x00000000d5f80000)
  object space 87552K, 6% used [0x0000000081e00000,0x000000008232bf58,0x0000000087380000)
 Metaspace       used 15999K, capacity 16584K, committed 16768K, reserved 1062912K
  class space    used 2216K, capacity 2387K, committed 2432K, reserved 1048576K
}
Event: 2.688 GC heap before
{Heap before GC invocations=4 (full 1):
 PSYoungGen      total 38400K, used 33280K [0x00000000d5f80000, 0x00000000d8a00000, 0x0000000100000000)
  eden space 33280K, 100% used [0x00000000d5f80000,0x00000000d8000000,0x00000000d8000000)
  from space 5120K, 0% used [0x00000000d8500000,0x00000000d8500000,0x00000000d8a00000)
  to   space 5120K, 0% used [0x00000000d8000000,0x00000000d8000000,0x00000000d8500000)
 ParOldGen       total 87552K, used 5295K [0x0000000081e00000, 0x0000000087380000, 0x00000000d5f80000)
  object space 87552K, 6% used [0x0000000081e00000,0x000000008232bf58,0x0000000087380000)
 Metaspace       used 19196K, capacity 20020K, committed 20224K, reserved 1067008K
  class space    used 2762K, capacity 2969K, committed 3072K, reserved 1048576K
Event: 2.695 GC heap after
Heap after GC invocations=4 (full 1):
 PSYoungGen      total 38400K, used 2806K [0x00000000d5f80000, 0x00000000d8a00000, 0x0000000100000000)
  eden space 33280K, 0% used [0x00000000d5f80000,0x00000000d5f80000,0x00000000d8000000)
  from space 5120K, 54% used [0x00000000d8000000,0x00000000d82bd8b0,0x00000000d8500000)
  to   space 5120K, 0% used [0x00000000d8500000,0x00000000d8500000,0x00000000d8a00000)
 ParOldGen       total 87552K, used 5303K [0x0000000081e00000, 0x0000000087380000, 0x00000000d5f80000)
  object space 87552K, 6% used [0x0000000081e00000,0x000000008232df58,0x0000000087380000)
 Metaspace       used 19196K, capacity 20020K, committed 20224K, reserved 1067008K
  class space    used 2762K, capacity 2969K, committed 3072K, reserved 1048576K
}
Event: 3.870 GC heap before
{Heap before GC invocations=5 (full 1):
 PSYoungGen      total 38400K, used 36086K [0x00000000d5f80000, 0x00000000d8a00000, 0x0000000100000000)
  eden space 33280K, 100% used [0x00000000d5f80000,0x00000000d8000000,0x00000000d8000000)
  from space 5120K, 54% used [0x00000000d8000000,0x00000000d82bd8b0,0x00000000d8500000)
  to   space 5120K, 0% used [0x00000000d8500000,0x00000000d8500000,0x00000000d8a00000)
 ParOldGen       total 87552K, used 5303K [0x0000000081e00000, 0x0000000087380000, 0x00000000d5f80000)
  object space 87552K, 6% used [0x0000000081e00000,0x000000008232df58,0x0000000087380000)
 Metaspace       used 19247K, capacity 20090K, committed 20224K, reserved 1067008K
  class space    used 2765K, capacity 2970K, committed 3072K, reserved 1048576K
Event: 3.874 GC heap after
Heap after GC invocations=5 (full 1):
 PSYoungGen      total 38400K, used 2844K [0x00000000d5f80000, 0x00000000d8a00000, 0x0000000100000000)
  eden space 33280K, 0% used [0x00000000d5f80000,0x00000000d5f80000,0x00000000d8000000)
  from space 5120K, 55% used [0x00000000d8500000,0x00000000d87c7030,0x00000000d8a00000)
  to   space 5120K, 0% used [0x00000000d8000000,0x00000000d8000000,0x00000000d8500000)
 ParOldGen       total 87552K, used 5311K [0x0000000081e00000, 0x0000000087380000, 0x00000000d5f80000)
  object space 87552K, 6% used [0x0000000081e00000,0x000000008232ff58,0x0000000087380000)
 Metaspace       used 19247K, capacity 20090K, committed 20224K, reserved 1067008K
  class space    used 2765K, capacity 2970K, committed 3072K, reserved 1048576K
}
Event: 4.618 GC heap before
{Heap before GC invocations=6 (full 1):
 PSYoungGen      total 38400K, used 36124K [0x00000000d5f80000, 0x00000000d8a00000, 0x0000000100000000)
  eden space 33280K, 100% used [0x00000000d5f80000,0x00000000d8000000,0x00000000d8000000)
  from space 5120K, 55% used [0x00000000d8500000,0x00000000d87c7030,0x00000000d8a00000)
  to   space 5120K, 0% used [0x00000000d8000000,0x00000000d8000000,0x00000000d8500000)
 ParOldGen       total 87552K, used 5311K [0x0000000081e00000, 0x0000000087380000, 0x00000000d5f80000)
  object space 87552K, 6% used [0x0000000081e00000,0x000000008232ff58,0x0000000087380000)
 Metaspace       used 19271K, capacity 20090K, committed 20224K, reserved 1067008K
  class space    used 2766K, capacity 2970K, committed 3072K, reserved 1048576K
Event: 4.623 GC heap after
Heap after GC invocations=6 (full 1):
 PSYoungGen      total 38400K, used 2876K [0x00000000d5f80000, 0x00000000d8a00000, 0x0000000100000000)
  eden space 33280K, 0% used [0x00000000d5f80000,0x00000000d5f80000,0x00000000d8000000)
  from space 5120K, 56% used [0x00000000d8000000,0x00000000d82cf030,0x00000000d8500000)
  to   space 5120K, 0% used [0x00000000d8500000,0x00000000d8500000,0x00000000d8a00000)
 ParOldGen       total 87552K, used 5311K [0x0000000081e00000, 0x0000000087380000, 0x00000000d5f80000)
  object space 87552K, 6% used [0x0000000081e00000,0x000000008232ff58,0x0000000087380000)
 Metaspace       used 19271K, capacity 20090K, committed 20224K, reserved 1067008K
  class space    used 2766K, capacity 2970K, committed 3072K, reserved 1048576K
}
Event: 5.331 GC heap before
{Heap before GC invocations=7 (full 1):
 PSYoungGen      total 38400K, used 36156K [0x00000000d5f80000, 0x00000000d8a00000, 0x0000000100000000)
  eden space 33280K, 100% used [0x00000000d5f80000,0x00000000d8000000,0x00000000d8000000)
  from space 5120K, 56% used [0x00000000d8000000,0x00000000d82cf030,0x00000000d8500000)
  to   space 5120K, 0% used [0x00000000d8500000,0x00000000d8500000,0x00000000d8a00000)
 ParOldGen       total 87552K, used 5311K [0x0000000081e00000, 0x0000000087380000, 0x00000000d5f80000)
  object space 87552K, 6% used [0x0000000081e00000,0x000000008232ff58,0x0000000087380000)
 Metaspace       used 19303K, capacity 20090K, committed 20224K, reserved 1067008K
  class space    used 2766K, capacity 2970K, committed 3072K, reserved 1048576K
Event: 5.337 GC heap after
Heap after GC invocations=7 (full 1):
 PSYoungGen      total 37376K, used 2908K [0x00000000d5f80000, 0x00000000d8b80000, 0x0000000100000000)
  eden space 32256K, 0% used [0x00000000d5f80000,0x00000000d5f80000,0x00000000d7f00000)
  from space 5120K, 56% used [0x00000000d8500000,0x00000000d87d7030,0x00000000d8a00000)
  to   space 6144K, 0% used [0x00000000d7f00000,0x00000000d7f00000,0x00000000d8500000)
 ParOldGen       total 87552K, used 5311K [0x0000000081e00000, 0x0000000087380000, 0x00000000d5f80000)
  object space 87552K, 6% used [0x0000000081e00000,0x000000008232ff58,0x0000000087380000)
 Metaspace       used 19303K, capacity 20090K, committed 20224K, reserved 1067008K
  class space    used 2766K, capacity 2970K, committed 3072K, reserved 1048576K
}

