# JRE version: Java(TM) SE Runtime Environment (8.0_121-b13) (build 1.8.0_121-b13)
# Java VM: Java HotSpot(TM) 64-Bit Server VM (25.121-b13 mixed mode windows-amd64 compressed oops)
Heap:
 PSYoungGen      total 35328K, used 24341K [0x00000000d5f80000, 0x00000000d8b00000, 0x0000000100000000)
  eden space 27136K, 65% used [0x00000000d5f80000,0x00000000d70f3750,0x00000000d7a00000)
  from space 8192K, 78% used [0x00000000d7a80000,0x00000000d80d1e40,0x00000000d8280000)
  to   space 8704K, 0% used [0x00000000d8280000,0x00000000d8280000,0x00000000d8b00000)
 ParOldGen       total 87552K, used 24583K [0x0000000081e00000, 0x0000000087380000, 0x00000000d5f80000)
  object space 87552K, 28% used [0x0000000081e00000,0x0000000083601dd8,0x0000000087380000)
 Metaspace       used 28681K, capacity 30310K, committed 30464K, reserved 1075200K
  class space    used 3699K, capacity 3991K, committed 4096K, reserved 1048576K
GC Heap History (10 events):
Event: 13.275 GC heap before
{Heap before GC invocations=12 (full 1):
 PSYoungGen      total 36352K, used 30659K [0x00000000d5f80000, 0x00000000d8a00000, 0x0000000100000000)
  eden space 30208K, 99% used [0x00000000d5f80000,0x00000000d7cc0da0,0x00000000d7d00000)
  from space 6144K, 11% used [0x00000000d8380000,0x00000000d8430000,0x00000000d8980000)
  to   space 6656K, 0% used [0x00000000d7d00000,0x00000000d7d00000,0x00000000d8380000)
 ParOldGen       total 87552K, used 8337K [0x0000000081e00000, 0x0000000087380000, 0x00000000d5f80000)
  object space 87552K, 9% used [0x0000000081e00000,0x0000000082624488,0x0000000087380000)
 Metaspace       used 25040K, capacity 26140K, committed 26240K, reserved 1071104K
  class space    used 3375K, capacity 3651K, committed 3712K, reserved 1048576K
Event: 13.280 GC heap after
Heap after GC invocations=12 (full 1):
 PSYoungGen      total 32768K, used 2621K [0x00000000d5f80000, 0x00000000d8880000, 0x0000000100000000)
  eden space 29696K, 0% used [0x00000000d5f80000,0x00000000d5f80000,0x00000000d7c80000)
  from space 3072K, 85% used [0x00000000d7d00000,0x00000000d7f8f718,0x00000000d8000000)
  to   space 6144K, 0% used [0x00000000d8280000,0x00000000d8280000,0x00000000d8880000)
 ParOldGen       total 87552K, used 8361K [0x0000000081e00000, 0x0000000087380000, 0x00000000d5f80000)
  object space 87552K, 9% used [0x0000000081e00000,0x000000008262a488,0x0000000087380000)
 Metaspace       used 25040K, capacity 26140K, committed 26240K, reserved 1071104K
  class space    used 3375K, capacity 3651K, committed 3712K, reserved 1048576K
}
Event: 16.839 GC heap before
{Heap before GC invocations=13 (full 1):
 PSYoungGen      total 32768K, used 32317K [0x00000000d5f80000, 0x00000000d8880000, 0x0000000100000000)
  eden space 29696K, 100% used [0x00000000d5f80000,0x00000000d7c80000,0x00000000d7c80000)
  from space 3072K, 85% used [0x00000000d7d00000,0x00000000d7f8f718,0x00000000d8000000)
  to   space 6144K, 0% used [0x00000000d8280000,0x00000000d8280000,0x00000000d8880000)
 ParOldGen       total 87552K, used 8361K [0x0000000081e00000, 0x0000000087380000, 0x00000000d5f80000)
  object space 87552K, 9% used [0x0000000081e00000,0x000000008262a488,0x0000000087380000)
 Metaspace       used 27156K, capacity 28706K, committed 28800K, reserved 1075200K
  class space    used 3654K, capacity 3950K, committed 3968K, reserved 1048576K
Event: 16.850 GC heap after
Heap after GC invocations=13 (full 1):
 PSYoungGen      total 34816K, used 6016K [0x00000000d5f80000, 0x00000000d8a00000, 0x0000000100000000)
  eden space 28672K, 0% used [0x00000000d5f80000,0x00000000d5f80000,0x00000000d7b80000)
  from space 6144K, 97% used [0x00000000d8280000,0x00000000d8860010,0x00000000d8880000)
  to   space 7168K, 0% used [0x00000000d7b80000,0x00000000d7b80000,0x00000000d8280000)
 ParOldGen       total 87552K, used 9621K [0x0000000081e00000, 0x0000000087380000, 0x00000000d5f80000)
  object space 87552K, 10% used [0x0000000081e00000,0x0000000082765470,0x0000000087380000)
 Metaspace       used 27156K, capacity 28706K, committed 28800K, reserved 1075200K
  class space    used 3654K, capacity 3950K, committed 3968K, reserved 1048576K
}
Event: 21.976 GC heap before
{Heap before GC invocations=14 (full 1):
 PSYoungGen      total 34816K, used 34688K [0x00000000d5f80000, 0x00000000d8a00000, 0x0000000100000000)
  eden space 28672K, 100% used [0x00000000d5f80000,0x00000000d7b80000,0x00000000d7b80000)
  from space 6144K, 97% used [0x00000000d8280000,0x00000000d8860010,0x00000000d8880000)
  to   space 7168K, 0% used [0x00000000d7b80000,0x00000000d7b80000,0x00000000d8280000)
 ParOldGen       total 87552K, used 9621K [0x0000000081e00000, 0x0000000087380000, 0x00000000d5f80000)
  object space 87552K, 10% used [0x0000000081e00000,0x0000000082765470,0x0000000087380000)
 Metaspace       used 27861K, capacity 29418K, committed 29568K, reserved 1075200K
  class space    used 3681K, capacity 3963K, committed 3968K, reserved 1048576K
Event: 21.988 GC heap after
Heap after GC invocations=14 (full 1):
 PSYoungGen      total 35328K, used 6404K [0x00000000d5f80000, 0x00000000d8a00000, 0x0000000100000000)
  eden space 28160K, 0% used [0x00000000d5f80000,0x00000000d5f80000,0x00000000d7b00000)
  from space 7168K, 89% used [0x00000000d7b80000,0x00000000d81c1340,0x00000000d8280000)
  to   space 7680K, 0% used [0x00000000d8280000,0x00000000d8280000,0x00000000d8a00000)
 ParOldGen       total 87552K, used 14949K [0x0000000081e00000, 0x0000000087380000, 0x00000000d5f80000)
  object space 87552K, 17% used [0x0000000081e00000,0x0000000082c996a0,0x0000000087380000)
 Metaspace       used 27861K, capacity 29418K, committed 29568K, reserved 1075200K
  class space    used 3681K, capacity 3963K, committed 3968K, reserved 1048576K
}
Event: 79.259 GC heap before
{Heap before GC invocations=15 (full 1):
 PSYoungGen      total 35328K, used 34564K [0x00000000d5f80000, 0x00000000d8a00000, 0x0000000100000000)
  eden space 28160K, 100% used [0x00000000d5f80000,0x00000000d7b00000,0x00000000d7b00000)
  from space 7168K, 89% used [0x00000000d7b80000,0x00000000d81c1340,0x00000000d8280000)
  to   space 7680K, 0% used [0x00000000d8280000,0x00000000d8280000,0x00000000d8a00000)
 ParOldGen       total 87552K, used 14949K [0x0000000081e00000, 0x0000000087380000, 0x00000000d5f80000)
  object space 87552K, 17% used [0x0000000081e00000,0x0000000082c996a0,0x0000000087380000)
 Metaspace       used 28338K, capacity 29884K, committed 30208K, reserved 1075200K
  class space    used 3689K, capacity 3974K, committed 4096K, reserved 1048576K
Event: 79.272 GC heap after
Heap after GC invocations=15 (full 1):
 PSYoungGen      total 35328K, used 4775K [0x00000000d5f80000, 0x00000000d8a80000, 0x0000000100000000)
  eden space 27648K, 0% used [0x00000000d5f80000,0x00000000d5f80000,0x00000000d7a80000)
  from space 7680K, 62% used [0x00000000d8280000,0x00000000d8729e10,0x00000000d8a00000)
  to   space 8192K, 0% used [0x00000000d7a80000,0x00000000d7a80000,0x00000000d8280000)
 ParOldGen       total 87552K, used 20528K [0x0000000081e00000, 0x0000000087380000, 0x00000000d5f80000)
  object space 87552K, 23% used [0x0000000081e00000,0x000000008320c240,0x0000000087380000)
 Metaspace       used 28338K, capacity 29884K, committed 30208K, reserved 1075200K
  class space    used 3689K, capacity 3974K, committed 4096K, reserved 1048576K
}
Event: 82.530 GC heap before
{Heap before GC invocations=16 (full 1):
 PSYoungGen      total 35328K, used 32423K [0x00000000d5f80000, 0x00000000d8a80000, 0x0000000100000000)
  eden space 27648K, 100% used [0x00000000d5f80000,0x00000000d7a80000,0x00000000d7a80000)
  from space 7680K, 62% used [0x00000000d8280000,0x00000000d8729e10,0x00000000d8a00000)
  to   space 8192K, 0% used [0x00000000d7a80000,0x00000000d7a80000,0x00000000d8280000)
 ParOldGen       total 87552K, used 20528K [0x0000000081e00000, 0x0000000087380000, 0x00000000d5f80000)
  object space 87552K, 23% used [0x0000000081e00000,0x000000008320c240,0x0000000087380000)
 Metaspace       used 28596K, capacity 30240K, committed 30464K, reserved 1075200K
  class space    used 3698K, capacity 3990K, committed 4096K, reserved 1048576K
Event: 82.549 GC heap after
Heap after GC invocations=16 (full 1):
 PSYoungGen      total 35328K, used 6471K [0x00000000d5f80000, 0x00000000d8b00000, 0x0000000100000000)
  eden space 27136K, 0% used [0x00000000d5f80000,0x00000000d5f80000,0x00000000d7a00000)
  from space 8192K, 78% used [0x00000000d7a80000,0x00000000d80d1e40,0x00000000d8280000)
  to   space 8704K, 0% used [0x00000000d8280000,0x00000000d8280000,0x00000000d8b00000)
 ParOldGen       total 87552K, used 24583K [0x0000000081e00000, 0x0000000087380000, 0x00000000d5f80000)
  object space 87552K, 28% used [0x0000000081e00000,0x0000000083601dd8,0x0000000087380000)
 Metaspace       used 28596K, capacity 30240K, committed 30464K, reserved 1075200K
  class space    used 3698K, capacity 3990K, committed 4096K, reserved 1048576K
}

