# JRE version: Java(TM) SE Runtime Environment (8.0_121-b13) (build 1.8.0_121-b13)
# Java VM: Java HotSpot(TM) 64-Bit Server VM (25.121-b13 mixed mode windows-amd64 compressed oops)
Heap:
 PSYoungGen      total 35328K, used 35090K [0x00000000d5f80000, 0x00000000d8a00000, 0x0000000100000000)
  eden space 32256K, 100% used [0x00000000d5f80000,0x00000000d7f00000,0x00000000d7f00000)
  from space 3072K, 92% used [0x00000000d7f80000,0x00000000d8244a90,0x00000000d8280000)
  to   space 5632K, 23% used [0x00000000d8480000,0x00000000d85c8010,0x00000000d8a00000)
 ParOldGen       total 87552K, used 6396K [0x0000000081e00000, 0x0000000087380000, 0x00000000d5f80000)
  object space 87552K, 7% used [0x0000000081e00000,0x000000008243f378,0x0000000087380000)
 Metaspace       used 22345K, capacity 23228K, committed 23296K, reserved 1069056K
  class space    used 3038K, capacity 3267K, committed 3328K, reserved 1048576K
GC Heap History (10 events):
Event: 3.043 GC heap after
Heap after GC invocations=4 (full 1):
 PSYoungGen      total 38400K, used 1705K [0x00000000d5f80000, 0x00000000d8a00000, 0x0000000100000000)
  eden space 33280K, 0% used [0x00000000d5f80000,0x00000000d5f80000,0x00000000d8000000)
  from space 5120K, 33% used [0x00000000d8000000,0x00000000d81aa760,0x00000000d8500000)
  to   space 5120K, 0% used [0x00000000d8500000,0x00000000d8500000,0x00000000d8a00000)
 ParOldGen       total 87552K, used 5349K [0x0000000081e00000, 0x0000000087380000, 0x00000000d5f80000)
  object space 87552K, 6% used [0x0000000081e00000,0x00000000823397e8,0x0000000087380000)
 Metaspace       used 21717K, capacity 22520K, committed 22784K, reserved 1069056K
  class space    used 3013K, capacity 3229K, committed 3328K, reserved 1048576K
}
Event: 4.486 GC heap before
{Heap before GC invocations=5 (full 1):
 PSYoungGen      total 38400K, used 34985K [0x00000000d5f80000, 0x00000000d8a00000, 0x0000000100000000)
  eden space 33280K, 100% used [0x00000000d5f80000,0x00000000d8000000,0x00000000d8000000)
  from space 5120K, 33% used [0x00000000d8000000,0x00000000d81aa760,0x00000000d8500000)
  to   space 5120K, 0% used [0x00000000d8500000,0x00000000d8500000,0x00000000d8a00000)
 ParOldGen       total 87552K, used 5349K [0x0000000081e00000, 0x0000000087380000, 0x00000000d5f80000)
  object space 87552K, 6% used [0x0000000081e00000,0x00000000823397e8,0x0000000087380000)
 Metaspace       used 22015K, capacity 22796K, committed 23040K, reserved 1069056K
  class space    used 3018K, capacity 3231K, committed 3328K, reserved 1048576K
Event: 4.492 GC heap after
Heap after GC invocations=5 (full 1):
 PSYoungGen      total 38400K, used 1762K [0x00000000d5f80000, 0x00000000d8a00000, 0x0000000100000000)
  eden space 33280K, 0% used [0x00000000d5f80000,0x00000000d5f80000,0x00000000d8000000)
  from space 5120K, 34% used [0x00000000d8500000,0x00000000d86b8a90,0x00000000d8a00000)
  to   space 5120K, 0% used [0x00000000d8000000,0x00000000d8000000,0x00000000d8500000)
 ParOldGen       total 87552K, used 5357K [0x0000000081e00000, 0x0000000087380000, 0x00000000d5f80000)
  object space 87552K, 6% used [0x0000000081e00000,0x000000008233b7e8,0x0000000087380000)
 Metaspace       used 22015K, capacity 22796K, committed 23040K, reserved 1069056K
  class space    used 3018K, capacity 3231K, committed 3328K, reserved 1048576K
}
Event: 5.398 GC heap before
{Heap before GC invocations=6 (full 1):
 PSYoungGen      total 38400K, used 35042K [0x00000000d5f80000, 0x00000000d8a00000, 0x0000000100000000)
  eden space 33280K, 100% used [0x00000000d5f80000,0x00000000d8000000,0x00000000d8000000)
  from space 5120K, 34% used [0x00000000d8500000,0x00000000d86b8a90,0x00000000d8a00000)
  to   space 5120K, 0% used [0x00000000d8000000,0x00000000d8000000,0x00000000d8500000)
 ParOldGen       total 87552K, used 5357K [0x0000000081e00000, 0x0000000087380000, 0x00000000d5f80000)
  object space 87552K, 6% used [0x0000000081e00000,0x000000008233b7e8,0x0000000087380000)
 Metaspace       used 22294K, capacity 23158K, committed 23296K, reserved 1069056K
  class space    used 3035K, capacity 3266K, committed 3328K, reserved 1048576K
Event: 5.404 GC heap after
Heap after GC invocations=6 (full 1):
 PSYoungGen      total 38400K, used 2786K [0x00000000d5f80000, 0x00000000d8a00000, 0x0000000100000000)
  eden space 33280K, 0% used [0x00000000d5f80000,0x00000000d5f80000,0x00000000d8000000)
  from space 5120K, 54% used [0x00000000d8000000,0x00000000d82b8aa0,0x00000000d8500000)
  to   space 5120K, 0% used [0x00000000d8500000,0x00000000d8500000,0x00000000d8a00000)
 ParOldGen       total 87552K, used 5365K [0x0000000081e00000, 0x0000000087380000, 0x00000000d5f80000)
  object space 87552K, 6% used [0x0000000081e00000,0x000000008233d7e8,0x0000000087380000)
 Metaspace       used 22294K, capacity 23158K, committed 23296K, reserved 1069056K
  class space    used 3035K, capacity 3266K, committed 3328K, reserved 1048576K
}
Event: 5.981 GC heap before
{Heap before GC invocations=7 (full 1):
 PSYoungGen      total 38400K, used 36066K [0x00000000d5f80000, 0x00000000d8a00000, 0x0000000100000000)
  eden space 33280K, 100% used [0x00000000d5f80000,0x00000000d8000000,0x00000000d8000000)
  from space 5120K, 54% used [0x00000000d8000000,0x00000000d82b8aa0,0x00000000d8500000)
  to   space 5120K, 0% used [0x00000000d8500000,0x00000000d8500000,0x00000000d8a00000)
 ParOldGen       total 87552K, used 5365K [0x0000000081e00000, 0x0000000087380000, 0x00000000d5f80000)
  object space 87552K, 6% used [0x0000000081e00000,0x000000008233d7e8,0x0000000087380000)
 Metaspace       used 22303K, capacity 23158K, committed 23296K, reserved 1069056K
  class space    used 3035K, capacity 3266K, committed 3328K, reserved 1048576K
Event: 5.986 GC heap after
Heap after GC invocations=7 (full 1):
 PSYoungGen      total 37888K, used 2834K [0x00000000d5f80000, 0x00000000d8a80000, 0x0000000100000000)
  eden space 32768K, 0% used [0x00000000d5f80000,0x00000000d5f80000,0x00000000d7f80000)
  from space 5120K, 55% used [0x00000000d8500000,0x00000000d87c4a90,0x00000000d8a00000)
  to   space 5632K, 0% used [0x00000000d7f80000,0x00000000d7f80000,0x00000000d8500000)
 ParOldGen       total 87552K, used 5373K [0x0000000081e00000, 0x0000000087380000, 0x00000000d5f80000)
  object space 87552K, 6% used [0x0000000081e00000,0x000000008233f7e8,0x0000000087380000)
 Metaspace       used 22303K, capacity 23158K, committed 23296K, reserved 1069056K
  class space    used 3035K, capacity 3266K, committed 3328K, reserved 1048576K
}
Event: 6.473 GC heap before
{Heap before GC invocations=8 (full 1):
 PSYoungGen      total 37888K, used 35602K [0x00000000d5f80000, 0x00000000d8a80000, 0x0000000100000000)
  eden space 32768K, 100% used [0x00000000d5f80000,0x00000000d7f80000,0x00000000d7f80000)
  from space 5120K, 55% used [0x00000000d8500000,0x00000000d87c4a90,0x00000000d8a00000)
  to   space 5632K, 0% used [0x00000000d7f80000,0x00000000d7f80000,0x00000000d8500000)
 ParOldGen       total 87552K, used 5373K [0x0000000081e00000, 0x0000000087380000, 0x00000000d5f80000)
  object space 87552K, 6% used [0x0000000081e00000,0x000000008233f7e8,0x0000000087380000)
 Metaspace       used 22332K, capacity 23228K, committed 23296K, reserved 1069056K
  class space    used 3038K, capacity 3267K, committed 3328K, reserved 1048576K
Event: 6.478 GC heap after
Heap after GC invocations=8 (full 1):
 PSYoungGen      total 35328K, used 2834K [0x00000000d5f80000, 0x00000000d8a00000, 0x0000000100000000)
  eden space 32256K, 0% used [0x00000000d5f80000,0x00000000d5f80000,0x00000000d7f00000)
  from space 3072K, 92% used [0x00000000d7f80000,0x00000000d8244a90,0x00000000d8280000)
  to   space 5632K, 0% used [0x00000000d8480000,0x00000000d8480000,0x00000000d8a00000)
 ParOldGen       total 87552K, used 5381K [0x0000000081e00000, 0x0000000087380000, 0x00000000d5f80000)
  object space 87552K, 6% used [0x0000000081e00000,0x00000000823417e8,0x0000000087380000)
 Metaspace       used 22332K, capacity 23228K, committed 23296K, reserved 1069056K
  class space    used 3038K, capacity 3267K, committed 3328K, reserved 1048576K
}
Event: 6.917 GC heap before
{Heap before GC invocations=9 (full 1):
 PSYoungGen      total 35328K, used 35090K [0x00000000d5f80000, 0x00000000d8a00000, 0x0000000100000000)
  eden space 32256K, 100% used [0x00000000d5f80000,0x00000000d7f00000,0x00000000d7f00000)
  from space 3072K, 92% used [0x00000000d7f80000,0x00000000d8244a90,0x00000000d8280000)
  to   space 5632K, 0% used [0x00000000d8480000,0x00000000d8480000,0x00000000d8a00000)
 ParOldGen       total 87552K, used 5381K [0x0000000081e00000, 0x0000000087380000, 0x00000000d5f80000)
  object space 87552K, 6% used [0x0000000081e00000,0x00000000823417e8,0x0000000087380000)
 Metaspace       used 22345K, capacity 23228K, committed 23296K, reserved 1069056K
  class space    used 3038K, capacity 3267K, committed 3328K, reserved 1048576K

