# JRE version: Java(TM) SE Runtime Environment (8.0_121-b13) (build 1.8.0_121-b13)
# Java VM: Java HotSpot(TM) 64-Bit Server VM (25.121-b13 mixed mode windows-amd64 compressed oops)
Heap:
 PSYoungGen      total 135680K, used 59210K [0x00000000d5f80000, 0x00000000df480000, 0x0000000100000000)
  eden space 122368K, 41% used [0x00000000d5f80000,0x00000000d90a3e68,0x00000000dd700000)
  from space 13312K, 66% used [0x00000000de500000,0x00000000dedaec10,0x00000000df200000)
  to   space 14336K, 0% used [0x00000000dd700000,0x00000000dd700000,0x00000000de500000)
 ParOldGen       total 384000K, used 267209K [0x0000000081e00000, 0x0000000099500000, 0x00000000d5f80000)
  object space 384000K, 69% used [0x0000000081e00000,0x00000000922f26d0,0x0000000099500000)
 Metaspace       used 28193K, capacity 30014K, committed 30336K, reserved 1075200K
  class space    used 3816K, capacity 4135K, committed 4224K, reserved 1048576K
GC Heap History (10 events):
Event: 85.379 GC heap before
{Heap before GC invocations=78 (full 4):
 PSYoungGen      total 133632K, used 118208K [0x00000000d5f80000, 0x00000000df400000, 0x0000000100000000)
  eden space 115712K, 100% used [0x00000000d5f80000,0x00000000dd080000,0x00000000dd080000)
  from space 17920K, 13% used [0x00000000dd080000,0x00000000dd2f0000,0x00000000de200000)
  to   space 16896K, 0% used [0x00000000de380000,0x00000000de380000,0x00000000df400000)
 ParOldGen       total 384000K, used 267161K [0x0000000081e00000, 0x0000000099500000, 0x00000000d5f80000)
  object space 384000K, 69% used [0x0000000081e00000,0x00000000922e66d0,0x0000000099500000)
 Metaspace       used 28068K, capacity 29886K, committed 30080K, reserved 1075200K
  class space    used 3816K, capacity 4135K, committed 4224K, reserved 1048576K
Event: 85.392 GC heap after
Heap after GC invocations=78 (full 4):
 PSYoungGen      total 133120K, used 2688K [0x00000000d5f80000, 0x00000000df200000, 0x0000000100000000)
  eden space 118272K, 0% used [0x00000000d5f80000,0x00000000d5f80000,0x00000000dd300000)
  from space 14848K, 18% used [0x00000000de380000,0x00000000de620000,0x00000000df200000)
  to   space 15872K, 0% used [0x00000000dd300000,0x00000000dd300000,0x00000000de280000)
 ParOldGen       total 384000K, used 267169K [0x0000000081e00000, 0x0000000099500000, 0x00000000d5f80000)
  object space 384000K, 69% used [0x0000000081e00000,0x00000000922e86d0,0x0000000099500000)
 Metaspace       used 28068K, capacity 29886K, committed 30080K, reserved 1075200K
  class space    used 3816K, capacity 4135K, committed 4224K, reserved 1048576K
}
Event: 87.457 GC heap before
{Heap before GC invocations=79 (full 4):
 PSYoungGen      total 133120K, used 120960K [0x00000000d5f80000, 0x00000000df200000, 0x0000000100000000)
  eden space 118272K, 100% used [0x00000000d5f80000,0x00000000dd300000,0x00000000dd300000)
  from space 14848K, 18% used [0x00000000de380000,0x00000000de620000,0x00000000df200000)
  to   space 15872K, 0% used [0x00000000dd300000,0x00000000dd300000,0x00000000de280000)
 ParOldGen       total 384000K, used 267169K [0x0000000081e00000, 0x0000000099500000, 0x00000000d5f80000)
  object space 384000K, 69% used [0x0000000081e00000,0x00000000922e86d0,0x0000000099500000)
 Metaspace       used 28117K, capacity 29886K, committed 30080K, reserved 1075200K
  class space    used 3816K, capacity 4135K, committed 4224K, reserved 1048576K
Event: 87.469 GC heap after
Heap after GC invocations=79 (full 4):
 PSYoungGen      total 134144K, used 2784K [0x00000000d5f80000, 0x00000000df380000, 0x0000000100000000)
  eden space 118272K, 0% used [0x00000000d5f80000,0x00000000d5f80000,0x00000000dd300000)
  from space 15872K, 17% used [0x00000000dd300000,0x00000000dd5b8000,0x00000000de280000)
  to   space 15360K, 0% used [0x00000000de480000,0x00000000de480000,0x00000000df380000)
 ParOldGen       total 384000K, used 267177K [0x0000000081e00000, 0x0000000099500000, 0x00000000d5f80000)
  object space 384000K, 69% used [0x0000000081e00000,0x00000000922ea6d0,0x0000000099500000)
 Metaspace       used 28117K, capacity 29886K, committed 30080K, reserved 1075200K
  class space    used 3816K, capacity 4135K, committed 4224K, reserved 1048576K
}
Event: 89.397 GC heap before
{Heap before GC invocations=80 (full 4):
 PSYoungGen      total 134144K, used 121056K [0x00000000d5f80000, 0x00000000df380000, 0x0000000100000000)
  eden space 118272K, 100% used [0x00000000d5f80000,0x00000000dd300000,0x00000000dd300000)
  from space 15872K, 17% used [0x00000000dd300000,0x00000000dd5b8000,0x00000000de280000)
  to   space 15360K, 0% used [0x00000000de480000,0x00000000de480000,0x00000000df380000)
 ParOldGen       total 384000K, used 267177K [0x0000000081e00000, 0x0000000099500000, 0x00000000d5f80000)
  object space 384000K, 69% used [0x0000000081e00000,0x00000000922ea6d0,0x0000000099500000)
 Metaspace       used 28130K, capacity 29886K, committed 30080K, reserved 1075200K
  class space    used 3816K, capacity 4135K, committed 4224K, reserved 1048576K
Event: 89.411 GC heap after
Heap after GC invocations=80 (full 4):
 PSYoungGen      total 134144K, used 2816K [0x00000000d5f80000, 0x00000000df180000, 0x0000000100000000)
  eden space 120832K, 0% used [0x00000000d5f80000,0x00000000d5f80000,0x00000000dd580000)
  from space 13312K, 21% used [0x00000000de480000,0x00000000de740000,0x00000000df180000)
  to   space 14336K, 0% used [0x00000000dd580000,0x00000000dd580000,0x00000000de380000)
 ParOldGen       total 384000K, used 267177K [0x0000000081e00000, 0x0000000099500000, 0x00000000d5f80000)
  object space 384000K, 69% used [0x0000000081e00000,0x00000000922ea6d0,0x0000000099500000)
 Metaspace       used 28130K, capacity 29886K, committed 30080K, reserved 1075200K
  class space    used 3816K, capacity 4135K, committed 4224K, reserved 1048576K
}
Event: 91.361 GC heap before
{Heap before GC invocations=81 (full 4):
 PSYoungGen      total 134144K, used 123648K [0x00000000d5f80000, 0x00000000df180000, 0x0000000100000000)
  eden space 120832K, 100% used [0x00000000d5f80000,0x00000000dd580000,0x00000000dd580000)
  from space 13312K, 21% used [0x00000000de480000,0x00000000de740000,0x00000000df180000)
  to   space 14336K, 0% used [0x00000000dd580000,0x00000000dd580000,0x00000000de380000)
 ParOldGen       total 384000K, used 267177K [0x0000000081e00000, 0x0000000099500000, 0x00000000d5f80000)
  object space 384000K, 69% used [0x0000000081e00000,0x00000000922ea6d0,0x0000000099500000)
 Metaspace       used 28148K, capacity 29886K, committed 30080K, reserved 1075200K
  class space    used 3816K, capacity 4135K, committed 4224K, reserved 1048576K
Event: 91.374 GC heap after
Heap after GC invocations=81 (full 4):
 PSYoungGen      total 135168K, used 2880K [0x00000000d5f80000, 0x00000000df200000, 0x0000000100000000)
  eden space 120832K, 0% used [0x00000000d5f80000,0x00000000d5f80000,0x00000000dd580000)
  from space 14336K, 20% used [0x00000000dd580000,0x00000000dd850000,0x00000000de380000)
  to   space 13312K, 0% used [0x00000000de500000,0x00000000de500000,0x00000000df200000)
 ParOldGen       total 384000K, used 267177K [0x0000000081e00000, 0x0000000099500000, 0x00000000d5f80000)
  object space 384000K, 69% used [0x0000000081e00000,0x00000000922ea6d0,0x0000000099500000)
 Metaspace       used 28148K, capacity 29886K, committed 30080K, reserved 1075200K
  class space    used 3816K, capacity 4135K, committed 4224K, reserved 1048576K
}
Event: 93.519 GC heap before
{Heap before GC invocations=82 (full 4):
 PSYoungGen      total 135168K, used 123386K [0x00000000d5f80000, 0x00000000df200000, 0x0000000100000000)
  eden space 120832K, 99% used [0x00000000d5f80000,0x00000000dd52e880,0x00000000dd580000)
  from space 14336K, 20% used [0x00000000dd580000,0x00000000dd850000,0x00000000de380000)
  to   space 13312K, 0% used [0x00000000de500000,0x00000000de500000,0x00000000df200000)
 ParOldGen       total 384000K, used 267177K [0x0000000081e00000, 0x0000000099500000, 0x00000000d5f80000)
  object space 384000K, 69% used [0x0000000081e00000,0x00000000922ea6d0,0x0000000099500000)
 Metaspace       used 28193K, capacity 30014K, committed 30336K, reserved 1075200K
  class space    used 3816K, capacity 4135K, committed 4224K, reserved 1048576K
Event: 93.540 GC heap after
Heap after GC invocations=82 (full 4):
 PSYoungGen      total 135680K, used 8891K [0x00000000d5f80000, 0x00000000df480000, 0x0000000100000000)
  eden space 122368K, 0% used [0x00000000d5f80000,0x00000000d5f80000,0x00000000dd700000)
  from space 13312K, 66% used [0x00000000de500000,0x00000000dedaec10,0x00000000df200000)
  to   space 14336K, 0% used [0x00000000dd700000,0x00000000dd700000,0x00000000de500000)
 ParOldGen       total 384000K, used 267209K [0x0000000081e00000, 0x0000000099500000, 0x00000000d5f80000)
  object space 384000K, 69% used [0x0000000081e00000,0x00000000922f26d0,0x0000000099500000)
 Metaspace       used 28193K, capacity 30014K, committed 30336K, reserved 1075200K
  class space    used 3816K, capacity 4135K, committed 4224K, reserved 1048576K
}

